<html>
<body>
<pre>
<h1>µVision Build Log</h1>
<h2>Project:</h2>
C:\users\michal\My Documents\testing.uvproj
Project File Date:  11/13/2024

<h2>Output:</h2>
Rebuild target 'Target 1'
assembling easy.s...
linking...
Program Size: Code=24 RO-data=0 RW-data=0 ZI-data=0  
".\testing.axf" - 0 Error(s), 0 Warning(s).
</pre>
</body>
</html>
code or Macro
easy.s(5): error: A1355U: A Label was found which was in no AREA
".\testing.axf" - 3 Error(s), 0 Warning(s).
Target not created
assembling easy.s...
"easy.s" - 0 Error(s), 0 Warning(s).
esting.axf'. Debugger aborted !
assembling easy.s...
easy.s(1): error: A1163E: Unknown opcode MyCode, , expecting opcode or Macro
easy.s(3): error: A1163E: Unknown opcode main , expecting opcode or Macro
easy.s(5): error: A1355U: A Label was found which was in no AREA
"easy.s" - 3 Error(s), 0 Warning(s).
